<?xml version="1.0" encoding="UTF-8"?>
<testng-results skipped="0" failed="2" ignored="0" total="2" passed="0">
  <reporter-output>
  </reporter-output>
  <suite name="Suite" duration-ms="26773" started-at="2020-05-04T08:34:21Z" finished-at="2020-05-04T08:34:47Z">
    <groups>
    </groups>
    <test name="Test" duration-ms="26773" started-at="2020-05-04T08:34:21Z" finished-at="2020-05-04T08:34:47Z">
      <class name="com.bayer.digitalfarming.frontend.selenium.utils.test.YourTest">
        <test-method status="PASS" signature="setup()[pri:0, instance:com.bayer.digitalfarming.frontend.selenium.utils.test.YourTest@51e2adc7]" name="setup" is-config="true" duration-ms="17" started-at="2020-05-04T14:04:42Z" finished-at="2020-05-04T14:04:42Z">
          <reporter-output>
          </reporter-output>
        </test-method> <!-- setup -->
        <test-method status="FAIL" signature="testFunctionality()[pri:0, instance:com.bayer.digitalfarming.frontend.selenium.utils.test.YourTest@51e2adc7]" name="testFunctionality" duration-ms="5147" started-at="2020-05-04T14:04:42Z" description="Search in Google Home Page" finished-at="2020-05-04T14:04:47Z">
          <exception class="java.util.NoSuchElementException">
            <message>
              <![CDATA['waittimeout' doesn't map to an existing object]]>
            </message>
            <full-stacktrace>
              <![CDATA[java.util.NoSuchElementException: 'waittimeout' doesn't map to an existing object
	at org.apache.commons.configuration.AbstractConfiguration.getLong(AbstractConfiguration.java:862)
	at com.bayer.digitalfarming.frontend.selenium.utils.config.PropertiesRepository.getLong(PropertiesRepository.java:73)
	at com.bayer.digitalfarming.frontend.selenium.utils.handlers.BaseHandler.setupConfigValue(BaseHandler.java:35)
	at com.bayer.digitalfarming.frontend.selenium.utils.handlers.BaseHandler.<init>(BaseHandler.java:31)
	at com.bayer.digitalfarming.frontend.selenium.utils.handlers.ElementHandler.<init>(ElementHandler.java:22)
	at com.bayer.digitalfarming.frontend.selenium.utils.page.YourPage.functionalityMethod(YourPage.java:28)
	at com.bayer.digitalfarming.frontend.selenium.utils.test.YourTest.testFunctionality(YourTest.java:28)
	at sun.reflect.NativeMethodAccessorImpl.invoke0(Native Method)
	at sun.reflect.NativeMethodAccessorImpl.invoke(NativeMethodAccessorImpl.java:62)
	at sun.reflect.DelegatingMethodAccessorImpl.invoke(DelegatingMethodAccessorImpl.java:43)
	at java.lang.reflect.Method.invoke(Method.java:498)
	at org.testng.internal.MethodInvocationHelper.invokeMethod(MethodInvocationHelper.java:104)
	at org.testng.internal.Invoker.invokeMethod(Invoker.java:645)
	at org.testng.internal.Invoker.invokeTestMethod(Invoker.java:851)
	at org.testng.internal.Invoker.invokeTestMethods(Invoker.java:1177)
	at org.testng.internal.TestMethodWorker.invokeTestMethods(TestMethodWorker.java:129)
	at org.testng.internal.TestMethodWorker.run(TestMethodWorker.java:112)
	at org.testng.TestRunner.privateRun(TestRunner.java:756)
	at org.testng.TestRunner.run(TestRunner.java:610)
	at org.testng.SuiteRunner.runTest(SuiteRunner.java:387)
	at org.testng.SuiteRunner.runSequentially(SuiteRunner.java:382)
	at org.testng.SuiteRunner.privateRun(SuiteRunner.java:340)
	at org.testng.SuiteRunner.run(SuiteRunner.java:289)
	at org.testng.SuiteRunnerWorker.runSuite(SuiteRunnerWorker.java:52)
	at org.testng.SuiteRunnerWorker.run(SuiteRunnerWorker.java:86)
	at org.testng.TestNG.runSuitesSequentially(TestNG.java:1293)
	at org.testng.TestNG.runSuitesLocally(TestNG.java:1218)
	at org.testng.TestNG.runSuites(TestNG.java:1133)
	at org.testng.TestNG.run(TestNG.java:1104)
	at org.testng.remote.AbstractRemoteTestNG.run(AbstractRemoteTestNG.java:132)
	at org.testng.remote.RemoteTestNG.initAndRun(RemoteTestNG.java:236)
	at org.testng.remote.RemoteTestNG.main(RemoteTestNG.java:81)
]]>
            </full-stacktrace>
          </exception> <!-- java.util.NoSuchElementException -->
          <reporter-output>
          </reporter-output>
        </test-method> <!-- testFunctionality -->
      </class> <!-- com.bayer.digitalfarming.frontend.selenium.utils.test.YourTest -->
      <class name="com.bayer.digitalfarming.frontend.selenium.testcases.AccessGoogle">
        <test-method status="PASS" signature="setup()[pri:0, instance:com.bayer.digitalfarming.frontend.selenium.testcases.AccessGoogle@6f195bc3]" name="setup" is-config="true" duration-ms="20757" started-at="2020-05-04T14:04:21Z" finished-at="2020-05-04T14:04:41Z">
          <reporter-output>
          </reporter-output>
        </test-method> <!-- setup -->
        <test-method status="FAIL" signature="searchGoogle()[pri:0, instance:com.bayer.digitalfarming.frontend.selenium.testcases.AccessGoogle@6f195bc3]" name="searchGoogle" duration-ms="39" started-at="2020-05-04T14:04:41Z" description="Search in Google Home Page" finished-at="2020-05-04T14:04:41Z">
          <exception class="java.util.NoSuchElementException">
            <message>
              <![CDATA['waittimeout' doesn't map to an existing object]]>
            </message>
            <full-stacktrace>
              <![CDATA[java.util.NoSuchElementException: 'waittimeout' doesn't map to an existing object
	at org.apache.commons.configuration.AbstractConfiguration.getLong(AbstractConfiguration.java:862)
	at com.bayer.digitalfarming.frontend.selenium.utils.config.PropertiesRepository.getLong(PropertiesRepository.java:73)
	at com.bayer.digitalfarming.frontend.selenium.utils.handlers.BaseHandler.setupConfigValue(BaseHandler.java:35)
	at com.bayer.digitalfarming.frontend.selenium.utils.handlers.BaseHandler.<init>(BaseHandler.java:31)
	at com.bayer.digitalfarming.frontend.selenium.utils.handlers.ElementHandler.<init>(ElementHandler.java:22)
	at com.bayer.digitalfarming.frontend.selenium.pages.GoogleHomePage.<init>(GoogleHomePage.java:19)
	at com.bayer.digitalfarming.frontend.selenium.testcases.AccessGoogle.searchGoogle(AccessGoogle.java:11)
	at sun.reflect.NativeMethodAccessorImpl.invoke0(Native Method)
	at sun.reflect.NativeMethodAccessorImpl.invoke(NativeMethodAccessorImpl.java:62)
	at sun.reflect.DelegatingMethodAccessorImpl.invoke(DelegatingMethodAccessorImpl.java:43)
	at java.lang.reflect.Method.invoke(Method.java:498)
	at org.testng.internal.MethodInvocationHelper.invokeMethod(MethodInvocationHelper.java:104)
	at org.testng.internal.Invoker.invokeMethod(Invoker.java:645)
	at org.testng.internal.Invoker.invokeTestMethod(Invoker.java:851)
	at org.testng.internal.Invoker.invokeTestMethods(Invoker.java:1177)
	at org.testng.internal.TestMethodWorker.invokeTestMethods(TestMethodWorker.java:129)
	at org.testng.internal.TestMethodWorker.run(TestMethodWorker.java:112)
	at org.testng.TestRunner.privateRun(TestRunner.java:756)
	at org.testng.TestRunner.run(TestRunner.java:610)
	at org.testng.SuiteRunner.runTest(SuiteRunner.java:387)
	at org.testng.SuiteRunner.runSequentially(SuiteRunner.java:382)
	at org.testng.SuiteRunner.privateRun(SuiteRunner.java:340)
	at org.testng.SuiteRunner.run(SuiteRunner.java:289)
	at org.testng.SuiteRunnerWorker.runSuite(SuiteRunnerWorker.java:52)
	at org.testng.SuiteRunnerWorker.run(SuiteRunnerWorker.java:86)
	at org.testng.TestNG.runSuitesSequentially(TestNG.java:1293)
	at org.testng.TestNG.runSuitesLocally(TestNG.java:1218)
	at org.testng.TestNG.runSuites(TestNG.java:1133)
	at org.testng.TestNG.run(TestNG.java:1104)
	at org.testng.remote.AbstractRemoteTestNG.run(AbstractRemoteTestNG.java:132)
	at org.testng.remote.RemoteTestNG.initAndRun(RemoteTestNG.java:236)
	at org.testng.remote.RemoteTestNG.main(RemoteTestNG.java:81)
]]>
            </full-stacktrace>
          </exception> <!-- java.util.NoSuchElementException -->
          <reporter-output>
          </reporter-output>
        </test-method> <!-- searchGoogle -->
      </class> <!-- com.bayer.digitalfarming.frontend.selenium.testcases.AccessGoogle -->
    </test> <!-- Test -->
  </suite> <!-- Suite -->
</testng-results>
