<?xml version="1.0" encoding="UTF-8"?>
<!-- Generated by org.testng.reporters.JUnitReportReporter -->
<testsuite name="com.bayer.digitalfarming.frontend.selenium.utils.test.YourTest" tests="1" time="5.164" ignored="0" failures="0" timestamp="04 May 2020 08:34:55 GMT" skipped="0" hostname="DESKTOP-Q4DJ4GC" errors="1">
  <testcase name="testFunctionality" time="5.164" classname="com.bayer.digitalfarming.frontend.selenium.utils.test.YourTest">
    <error type="java.util.NoSuchElementException" message="&#039;waittimeout&#039; doesn&#039;t map to an existing object">
      <![CDATA[java.util.NoSuchElementException: 'waittimeout' doesn't map to an existing object
	at org.apache.commons.configuration.AbstractConfiguration.getLong(AbstractConfiguration.java:862)
	at com.bayer.digitalfarming.frontend.selenium.utils.config.PropertiesRepository.getLong(PropertiesRepository.java:73)
	at com.bayer.digitalfarming.frontend.selenium.utils.handlers.BaseHandler.setupConfigValue(BaseHandler.java:35)
	at com.bayer.digitalfarming.frontend.selenium.utils.handlers.BaseHandler.<init>(BaseHandler.java:31)
	at com.bayer.digitalfarming.frontend.selenium.utils.handlers.ElementHandler.<init>(ElementHandler.java:22)
	at com.bayer.digitalfarming.frontend.selenium.utils.page.YourPage.functionalityMethod(YourPage.java:28)
	at com.bayer.digitalfarming.frontend.selenium.utils.test.YourTest.testFunctionality(YourTest.java:28)
	at sun.reflect.NativeMethodAccessorImpl.invoke0(Native Method)
	at sun.reflect.NativeMethodAccessorImpl.invoke(NativeMethodAccessorImpl.java:62)
	at sun.reflect.DelegatingMethodAccessorImpl.invoke(DelegatingMethodAccessorImpl.java:43)
	at java.lang.reflect.Method.invoke(Method.java:498)
	at org.testng.internal.MethodInvocationHelper.invokeMethod(MethodInvocationHelper.java:104)
	at org.testng.internal.Invoker.invokeMethod(Invoker.java:645)
	at org.testng.internal.Invoker.invokeTestMethod(Invoker.java:851)
	at org.testng.internal.Invoker.invokeTestMethods(Invoker.java:1177)
	at org.testng.internal.TestMethodWorker.invokeTestMethods(TestMethodWorker.java:129)
	at org.testng.internal.TestMethodWorker.run(TestMethodWorker.java:112)
	at org.testng.TestRunner.privateRun(TestRunner.java:756)
	at org.testng.TestRunner.run(TestRunner.java:610)
	at org.testng.SuiteRunner.runTest(SuiteRunner.java:387)
	at org.testng.SuiteRunner.runSequentially(SuiteRunner.java:382)
	at org.testng.SuiteRunner.privateRun(SuiteRunner.java:340)
	at org.testng.SuiteRunner.run(SuiteRunner.java:289)
	at org.testng.SuiteRunnerWorker.runSuite(SuiteRunnerWorker.java:52)
	at org.testng.SuiteRunnerWorker.run(SuiteRunnerWorker.java:86)
	at org.testng.TestNG.runSuitesSequentially(TestNG.java:1293)
	at org.testng.TestNG.runSuitesLocally(TestNG.java:1218)
	at org.testng.TestNG.runSuites(TestNG.java:1133)
	at org.testng.TestNG.run(TestNG.java:1104)
	at org.testng.remote.AbstractRemoteTestNG.run(AbstractRemoteTestNG.java:132)
	at org.testng.remote.RemoteTestNG.initAndRun(RemoteTestNG.java:236)
	at org.testng.remote.RemoteTestNG.main(RemoteTestNG.java:81)
]]>
    </error>
  </testcase> <!-- testFunctionality -->
</testsuite> <!-- com.bayer.digitalfarming.frontend.selenium.utils.test.YourTest -->
